<?xml version="1.0" encoding="UTF-8"?>
<!-- Generated by org.testng.reporters.JUnitReportReporter -->
<testsuite skipped="0" hostname="Lenovo-PC" name="com.nopcommerce.TestCases.TC_LoginTest_001" tests="1" failures="0" timestamp="2019-09-14T13:03:29 CDT" time="58.378" errors="0">
  <testcase name="loginTest" time="58.378" classname="com.nopcommerce.TestCases.TC_LoginTest_001"/>
</testsuite> <!-- com.nopcommerce.TestCases.TC_LoginTest_001 -->
